app/build/outputs/logs/manifest-merger-debug-report.txt
-- Merging decision tree log ---
manifest
ADDED from src\main\AndroidManifest.xml:2:1-50:12
	package
		ADDED from src\main\AndroidManifest.xml:3:5-30
		INJECTED from src\main\AndroidManifest.xml
		INJECTED from src\main\AndroidManifest.xml
	android:versionName
		ADDED from src\main\AndroidManifest.xml:5:5-30
		INJECTED from src\main\AndroidManifest.xml
		INJECTED from src\main\AndroidManifest.xml
	android:versionCode
		ADDED from src\main\AndroidManifest.xml:4:5-28
		INJECTED from src\main\AndroidManifest.xml
		INJECTED from src\main\AndroidManifest.xml
	xmlns:android
		ADDED from src\main\AndroidManifest.xml:2:11-69
uses-sdk
ADDED from src\main\AndroidManifest.xml:7:5-9:41
	android:targetSdkVersion
		ADDED from src\main\AndroidManifest.xml:9:9-38
		INJECTED from src\main\AndroidManifest.xml
		INJECTED from src\main\AndroidManifest.xml
	android:minSdkVersion
		ADDED from src\main\AndroidManifest.xml:8:9-34
		INJECTED from src\main\AndroidManifest.xml
		INJECTED from src\main\AndroidManifest.xml
uses-permission#android.permission.INTERNET
ADDED from src\main\AndroidManifest.xml:12:5-67
	android:name
		ADDED from src\main\AndroidManifest.xml:12:22-64
uses-permission#android.permission.GET_ACCOUNTS
ADDED from src\main\AndroidManifest.xml:16:5-71
	android:name
		ADDED from src\main\AndroidManifest.xml:16:22-68
uses-permission#android.permission.READ_PROFILE
ADDED from src\main\AndroidManifest.xml:17:5-71
	android:name
		ADDED from src\main\AndroidManifest.xml:17:22-68
uses-permission#android.permission.READ_CONTACTS
ADDED from src\main\AndroidManifest.xml:18:5-72
	android:name
		ADDED from src\main\AndroidManifest.xml:18:22-69
uses-permission#android.permission.WRITE_EXTERNAL_STORAGE
ADDED from src\main\AndroidManifest.xml:19:5-81
	android:name
		ADDED from src\main\AndroidManifest.xml:19:22-78
uses-permission#android.permission.READ_PHONE_STATE
ADDED from src\main\AndroidManifest.xml:20:5-75
	android:name
		ADDED from src\main\AndroidManifest.xml:20:22-72
uses-permission#android.permission.READ_EXTERNAL_STORAGE
ADDED from src\main\AndroidManifest.xml:21:5-80
	android:name
		ADDED from src\main\AndroidManifest.xml:21:22-77
application
ADDED from src\main\AndroidManifest.xml:23:5-48:19
	android:label
		ADDED from src\main\AndroidManifest.xml:25:9-41
	android:allowBackup
		ADDED from src\main\AndroidManifest.xml:24:9-35
	android:icon
		ADDED from src\main\AndroidManifest.xml:27:9-41
	android:theme
		ADDED from src\main\AndroidManifest.xml:26:9-61
activity#com.example.pxh.LaunchActivity
ADDED from src\main\AndroidManifest.xml:28:9-35:20
	android:name
		ADDED from src\main\AndroidManifest.xml:29:13-43
intent-filter#android.intent.action.MAIN+android.intent.category.LAUNCHER
ADDED from src\main\AndroidManifest.xml:30:13-34:29
action#android.intent.action.MAIN
ADDED from src\main\AndroidManifest.xml:31:17-32:65
	android:name
		ADDED from src\main\AndroidManifest.xml:32:21-62
category#android.intent.category.LAUNCHER
ADDED from src\main\AndroidManifest.xml:33:17-77
	android:name
		ADDED from src\main\AndroidManifest.xml:33:27-74
activity#com.example.pxh.MainActivity
ADDED from src\main\AndroidManifest.xml:36:9-39:20
	android:name
		ADDED from src\main\AndroidManifest.xml:37:13-41
activity#com.example.pxh.LoginActivity
ADDED from src\main\AndroidManifest.xml:40:9-43:20
	android:theme
		ADDED from src\main\AndroidManifest.xml:42:13-44
	android:name
		ADDED from src\main\AndroidManifest.xml:41:13-42
activity#com.example.pxh.RegisteredActivity
ADDED from src\main\AndroidManifest.xml:44:9-47:20
	android:theme
		ADDED from src\main\AndroidManifest.xml:46:13-44
	android:name
		ADDED from src\main\AndroidManifest.xml:45:13-47